   0.00000000       0.00000000    
   1.04513669       9.47613418E-02
   2.07686996       9.25840065E-02
   3.07667112       8.96233544E-02
   4.05145931       8.80431309E-02
   5.01693583       8.76704380E-02
   6.07019424       8.75451192E-02
   7.02915287       8.68951678E-02
   8.06890202       8.64659697E-02
   9.01873970       8.62859637E-02
   10.0540047       8.62827599E-02
   11.0041227       8.64703581E-02
   12.0435419       8.67708996E-02
   13.0002604       8.71528313E-02
   14.0489712       8.76011178E-02
   15.0122957       8.74978900E-02
   16.0599461       8.72207284E-02
   17.0192604       8.72393474E-02
   18.0676880       8.74732286E-02
   19.0319767       8.78756642E-02
   20.0015850       8.81723985E-02
   21.0565472       8.75503123E-02
   22.0170288       8.72574747E-02
   23.0641727       8.73226598E-02
   24.0252228       8.74124318E-02
   25.0758610       8.75333771E-02
   26.0380135       8.73755440E-02
   27.0842991       8.70077834E-02
   28.0387020       8.65434036E-02
   29.0736713       8.59911889E-02
   30.0162773       8.54456127E-02
   31.0387268       8.50717425E-02
   32.0589218       8.50232542E-02
   33.0805702       8.52572843E-02
   34.0205574       8.56434256E-02
   35.0518570       8.61899704E-02
   36.0021744       8.64833444E-02
   37.0408096       8.66070688E-02
   38.0808182       8.67171958E-02
   39.0352516       8.68058130E-02
   40.0775414       8.68979171E-02
   41.0339050       8.69775936E-02
   42.0781670       8.70587230E-02
   43.0362320       8.71271417E-02
   44.0810165       8.69360864E-02
   45.0352249       8.65984336E-02
   46.0726013       8.63468945E-02
   47.0215073       8.62229839E-02
   48.0565529       8.63129124E-02
   49.0071106       8.65274891E-02
   50.0480232       8.69436786E-02
   51.0068321       8.72303545E-02
   52.0515480       8.69323835E-02
   53.0075302       8.69419798E-02
   54.0516014       8.70617405E-02
   55.0099068       8.71011689E-02
   56.0538902       8.69445130E-02
   57.0095634       8.68127868E-02
   58.0501442       8.66327137E-02
   59.0027885       8.66251364E-02
   60.0435753       8.67522657E-02
   61.0838470       8.66425931E-02
   62.0360489       8.65084976E-02
   63.0744476       8.65558013E-02
   64.0261459       8.65026861E-02
   65.0637436       8.64093453E-02
   66.0129013       8.61214325E-02
   67.0457382       8.61132145E-02
   68.0817490       8.65928084E-02
   69.0341187       8.61828551E-02
   70.0658951       8.59566778E-02
   71.0118179       8.59940127E-02
   72.0450668       8.62711668E-02
   73.0828018       8.66638049E-02
   74.0379181       8.69606361E-02
   75.0812683       8.68365616E-02
   76.0356293       8.67564678E-02
   77.0750885       8.62792432E-02
   78.0202637       8.56336430E-02
   79.0436325       8.49615261E-02
   80.0588379       8.42759088E-02
   81.0662994       8.36772025E-02
   82.0670395       8.32012147E-02
   83.0641022       8.31307098E-02
   84.0619583       8.32621232E-02
   85.0649567       8.38715211E-02
   86.0748596       8.43838975E-02
   87.0049744       8.46921802E-02
   88.0245438       8.51031244E-02
   89.0426025       8.46542045E-02
   90.0572281       8.45174119E-02
   91.0725861       8.47274065E-02
   92.0066299       8.50964338E-02
   93.0314102       8.56830180E-02
   94.0633011       8.60735029E-02
   95.0120087       8.65079984E-02
   96.0461349       8.59628096E-02
   97.0785522       8.62136260E-02
   98.0268097       8.60939696E-02
   99.0577621       8.56077522E-02
   100.079147       8.47548470E-02
   101.008591       8.43428522E-02
   102.020103       8.43141004E-02
   103.034103       8.47394019E-02
   104.056313       8.56094733E-02
   105.000618       8.57115388E-02
   106.027176       8.54778588E-02
   107.053467       8.56193751E-02
   108.083572       8.59635770E-02
   109.030273       8.61120597E-02
   110.062805       8.60222206E-02
   111.009071       8.60550329E-02
   112.043015       8.61745328E-02
   113.077042       8.61683860E-02
   114.024902       8.61788988E-02
   115.060074       8.60316977E-02
   116.004280       8.58399644E-02
   117.035172       8.58228132E-02
   118.062233       8.55788514E-02
   119.005302       8.58573243E-02
   120.038544       8.60633031E-02
   121.067635       8.56423154E-02
   122.010796       8.57961178E-02
   123.035988       8.52809474E-02
   124.060852       8.55670720E-02
   125.004570       8.57974812E-02
   126.033279       8.57482702E-02
   127.064034       8.59316364E-02
   128.008728       8.58861804E-02
   129.039581       8.58736411E-02
   130.071243       8.61164927E-02
   131.020294       8.62530842E-02
   132.053680       8.60783160E-02
   133.001099       8.61557797E-02
   134.033401       8.59466344E-02
   135.066116       8.62093270E-02
   136.015900       8.63744766E-02
   137.053040       8.62320736E-02
   138.084671       8.59358385E-02
   139.029938       8.58465508E-02
   140.057449       8.56064707E-02
   141.000626       8.58775303E-02
   142.033264       8.60138163E-02
   143.063583       8.58199969E-02
   144.009094       8.61185417E-02
   145.043320       8.61465782E-02
   146.079041       8.64917114E-02
   147.029312       8.61727893E-02
   148.061676       8.60194713E-02
   149.009216       8.63025412E-02
   150.044632       8.62439871E-02
   151.080597       8.64246860E-02
   152.031082       8.62886980E-02
   153.065781       8.61903057E-02
   154.015686       8.64969417E-02
   155.051926       8.62703174E-02
   156.001282       8.64015594E-02
   157.038879       8.64937156E-02
   158.077118       8.65212828E-02
   159.029266       8.66076201E-02
   160.068848       8.66573676E-02
   161.022491       8.67231339E-02
   162.063171       8.66789222E-02
   163.016312       8.66383389E-02
   164.056595       8.67490172E-02
   165.011353       8.68276134E-02
   166.053650       8.68487954E-02
   167.007278       8.65530968E-02
   168.045197       8.65082145E-02
   169.085434       8.68919566E-02
   170.043335       8.71716365E-02
   171.001251       8.70117918E-02
   172.043716       8.67276937E-02
   173.083710       8.66925642E-02
   174.038879       8.69748518E-02
   175.084564       8.72216225E-02
   176.042892       8.70454609E-02
   177.085754       8.67557824E-02
   178.039520       8.67368281E-02
   179.082657       8.71410444E-02
   180.043076       8.73286650E-02
   181.001938       8.71138945E-02
   182.046570       8.68144929E-02
   183.086609       8.67308155E-02
   184.043060       8.68027955E-02
   185.081802       8.65456983E-02
   186.035782       8.69106129E-02
   187.082352       8.72462243E-02
   188.040161       8.70625526E-02
   189.000504       8.74165222E-02
   190.048172       8.72249976E-02
   191.008606       8.74008313E-02
   192.058197       8.72716457E-02
   193.015198       8.67132470E-02
   194.050461       8.58897120E-02
   195.076385       8.52361694E-02
   196.011551       8.47728923E-02
   197.024216       8.41020569E-02
   198.030685       8.36671591E-02
   199.030945       8.30832645E-02
   200.025635       8.28011036E-02
   201.018738       8.27463195E-02
   202.012985       8.29434246E-02
   203.010513       8.32830220E-02
   204.012955       8.37712586E-02
   205.019333       8.40866044E-02
   206.037125       8.55607241E-02
   207.067368       8.59668031E-02
   208.014969       8.63163322E-02
   209.052933       8.65245983E-02
   210.004837       8.66659954E-02
   211.045441       8.67086947E-02
   212.086456       8.67210701E-02
   213.037964       8.65613297E-02
   214.079163       8.67583826E-02
   215.031830       8.65202099E-02
   216.069672       8.64003897E-02
   217.017456       8.59242007E-02
   218.047318       8.57297331E-02
   219.075363       8.56531039E-02
   220.018295       8.59138146E-02
   221.052750       8.63169134E-02
   222.002579       8.64309520E-02
   223.039490       8.64546672E-02
   224.076202       8.63116533E-02
   225.024933       8.62217173E-02
   226.060059       8.63288566E-02
   227.010635       8.65012482E-02
   228.049896       8.67224634E-02
   229.001694       8.62314254E-02
   230.031464       8.54320154E-02
   231.052780       8.46945643E-02
   232.062256       8.37747231E-02
   233.063843       8.32997113E-02
   234.059937       8.26929957E-02
   235.049393       8.22990313E-02
   236.036850       8.23222622E-02
   237.025024       8.23886916E-02
   238.014877       8.25620368E-02
   239.005829       8.26122239E-02
   240.079819       8.25597942E-02
   241.069733       8.25229138E-02
   242.061325       8.27454552E-02
   243.057220       8.32095295E-02
   244.057831       8.35913941E-02
   245.063171       8.39267746E-02
   246.071808       8.41436833E-02
   247.083130       8.43737721E-02
   248.012436       8.45398530E-02
   249.026962       8.45048353E-02
   250.039612       8.43063518E-02
   251.050278       8.41354653E-02
   252.059052       8.40117112E-02
   253.065872       8.38003457E-02
   254.069977       8.36246684E-02
   255.073303       8.36024657E-02
   256.076111       8.35630298E-02
   257.079468       8.36855397E-02
   258.000854       8.38187039E-02
   259.007629       8.39607716E-02
   260.016571       8.41817409E-02
   261.028320       8.44395161E-02
   262.044678       8.49417150E-02
   263.066345       8.52864459E-02
   264.005402       8.54315460E-02
   265.031128       8.54946971E-02
   266.057037       8.55191574E-02
   267.083832       8.55424553E-02
   268.023956       8.53543282E-02
   269.046539       8.51057097E-02
   270.066833       8.49968567E-02
   271.001984       8.50740373E-02
   272.023529       8.51791054E-02
   273.044891       8.50679129E-02
   274.065552       8.50896239E-02
   275.002930       8.52969587E-02
   276.028442       8.56335685E-02
   277.057465       8.58452693E-02
   278.002197       8.59021917E-02
   279.033234       8.59071836E-02
   280.063324       8.58252048E-02
   281.009094       8.61756653E-02
   282.046204       8.61846134E-02
   283.079315       8.61494839E-02
   284.030731       8.68533626E-02
   285.076538       8.70721787E-02
   286.034302       8.71611834E-02
   287.081512       8.74234736E-02
   288.043396       8.74387771E-02
   289.003479       8.72010514E-02
   290.050293       8.73655900E-02
   291.012817       8.74909759E-02
   292.059937       8.71033967E-02
   293.012146       8.59853625E-02
   294.039703       8.55679289E-02
   295.071594       8.63432512E-02
   296.023651       8.64635110E-02
   297.061829       8.65654051E-02
   298.014008       8.60540420E-02
   299.043396       8.59212652E-02
   300.078217       8.65917802E-02
   301.033417       8.68222937E-02
   302.075745       8.69225785E-02
   303.033447       8.72291252E-02
   304.082825       8.72885734E-02
   305.039154       8.68527070E-02
   306.084381       8.72757360E-02
   307.046295       8.74237269E-02
   308.007324       8.73259977E-02
   309.050659       8.63249302E-02
   310.085022       8.63784850E-02
   311.035339       8.63948166E-02
   312.070343       8.43583792E-02
   313.043488       8.02859142E-02
   314.060364       8.65834355E-02
   315.007446       8.61014649E-02
   316.041687       8.57299641E-02
   317.065125       8.52850527E-02
   318.006592       8.58177543E-02
   319.040833       8.60337764E-02
   320.069824       8.60037059E-02
   321.017609       8.60578343E-02
   322.046722       8.58860761E-02
   323.083252       8.67253616E-02
   324.039642       8.70386809E-02
   325.001007       8.76941457E-02
   326.053131       8.77558365E-02
   327.017090       8.73240009E-02
   328.051605       8.53907168E-02
   329.066833       8.39528292E-02
   330.069092       8.32589567E-02
   331.067383       8.32068473E-02
   332.067535       8.35445970E-02
   333.071533       8.27111304E-02
   334.042877       8.00786763E-02
   335.071625       7.89780021E-02
   336.023163       7.89692402E-02
   337.056824       8.08857754E-02
   338.004089       7.71764293E-02
   339.045807       7.18874559E-02
   340.029114       7.00167418E-02
   341.002289       6.92926943E-02
   342.047272       7.03029782E-02
   343.053192       7.20784664E-02
   344.042480       7.28958473E-02
   345.039886       7.16648102E-02
   346.051086       6.61728904E-02
   347.008087       7.29002878E-02
   348.003845       8.18636492E-02
   349.027435       8.66049975E-02
   350.075531       8.68839547E-02
   351.031708       8.71354342E-02
   352.048615       8.75775293E-02
   353.078857       8.76597315E-02
   354.042877       8.78146291E-02
   355.001923       8.63576978E-02
   356.020660       7.97644630E-02
   357.001678       7.55336061E-02
   358.028351       8.13732371E-02
   359.043732       8.69518071E-02
   360.085510       8.65508765E-02
   361.035065       8.57591853E-02
   362.052124       8.45044255E-02
   363.070923       8.52961913E-02
   364.003510       8.43296573E-02
   365.011871       8.38964805E-02
   366.019653       8.41796771E-02
   367.028290       8.37149024E-02
   368.030914       8.35836083E-02
   369.037384       8.41052011E-02
   370.047333       8.40929896E-02
   371.056061       8.40307400E-02
   372.031525       7.85189122E-02
   373.041534       7.60916844E-02
   374.021851       7.49025866E-02
   375.052704       7.21774772E-02
   376.057770       7.19866529E-02
   377.003326       7.31834248E-02
   378.039581       7.54374787E-02
   379.002350       8.39838833E-02
   380.031677       8.60256925E-02
   381.064331       8.60687643E-02
   382.012451       8.63979459E-02
   383.052399       8.71246904E-02
   384.013000       8.75639990E-02
   385.064850       8.77914876E-02
   386.030823       8.78900141E-02
   387.085449       8.79018754E-02
   388.053070       8.79992768E-02
   389.021973       8.79549459E-02
   390.074799       8.76086354E-02
   391.039612       8.79161656E-02
   392.011047       8.85374844E-02
   393.057648       8.67131352E-02
   394.025208       8.81715566E-02
   395.083527       8.81270245E-02
   396.053802       8.81733447E-02
   397.028503       8.86412784E-02
   398.002167       8.84435177E-02
   399.061188       8.79156291E-02
   400.023834       8.72789174E-02
   401.062408       8.23601410E-02
   402.018036       7.74506330E-02
   403.076508       8.46409798E-02
   404.035248       8.72441754E-02
   405.082581       8.68393406E-02
   406.035706       8.70127454E-02
   407.088287       8.81686509E-02
   408.041321       8.49014595E-02
   409.039215       8.23081657E-02
   410.017395       8.12482312E-02
   411.065369       8.04447383E-02
   412.036652       8.16996545E-02
   413.025848       8.36693347E-02
   414.051270       8.66835490E-02
   415.012939       8.80118236E-02
   416.076752       8.87334943E-02
   417.046875       8.76073390E-02
   418.005249       8.68529379E-02
   419.046631       8.67274478E-02
   420.084137       8.62257630E-02
   421.030670       8.59351754E-02
   422.061066       8.58667195E-02
   423.006714       8.60603079E-02
   424.041809       8.64353254E-02
   425.081879       8.68742466E-02
   426.039795       8.72632936E-02
   427.002167       8.76439661E-02
   428.054932       8.78241137E-02
   429.022339       8.80075172E-02
   430.078186       8.80011022E-02
   431.046997       8.81569162E-02
   432.017944       8.83527100E-02
   433.079041       8.84663835E-02
   434.052216       8.84767473E-02
   435.024231       8.82725343E-02
   436.076691       8.74384791E-02
   437.035492       8.69916975E-02
   438.078308       8.68971497E-02
   439.035309       8.71236101E-02
   440.080109       8.66498724E-02
   441.028107       8.57949629E-02
   442.053741       8.52359161E-02
   443.075256       8.50682557E-02
   444.012238       8.53385031E-02
   445.040009       8.59751403E-02
   446.077972       8.69880319E-02
   447.037384       8.73724669E-02
   448.001221       8.78726691E-02
   449.059967       8.85753855E-02
   450.033295       8.84104893E-02
   451.005829       8.84218514E-02
   452.068359       8.86674449E-02
   453.046906       8.92427415E-02
   454.029480       8.93366411E-02
   455.013397       8.95277709E-02
   456.082916       8.89636874E-02
   457.063141       8.93024281E-02
   458.048187       8.97552595E-02
   459.037842       9.00253505E-02
   460.027374       8.99101272E-02
   461.015442       8.96924883E-02
   462.088287       8.89919102E-02
   463.063019       8.84501338E-02
   464.034637       8.82981196E-02
   465.007751       8.85821804E-02
   466.070709       8.85352418E-02
   467.041718       8.81231427E-02
   468.012207       8.83932486E-02
   469.071228       8.81782472E-02
   470.041168       8.82025063E-02
   471.011993       8.83084536E-02
   472.072479       8.84433016E-02
   473.046692       8.86935517E-02
   474.023438       8.87885615E-02
   475.089233       8.89132097E-02
   476.069244       8.92330706E-02
   477.050934       8.91884416E-02
   478.031342       8.90385211E-02
   479.009369       8.87929052E-02
   480.073212       8.85794759E-02
   481.047394       8.85641575E-02
   482.022644       8.87697935E-02
   483.088409       8.87950659E-02
   484.063965       8.86220187E-02
   485.038849       8.86474252E-02
   486.015137       8.88901278E-02
   487.083160       8.90590250E-02
   488.064209       8.92336369E-02
   489.045227       8.91236812E-02
   490.024628       8.89244974E-02
   491.001678       8.87553245E-02
   492.066895       8.88145864E-02
   493.044067       8.88855457E-02
   494.022980       8.90783444E-02
   495.003357       8.91057104E-02
   496.071106       8.88724178E-02
   497.047699       8.86978135E-02
   498.022583       8.85721073E-02
   499.086945       8.89533237E-02
   500.070068       8.95380229E-02
   501.055511       8.96290317E-02
   502.041534       8.96356106E-02
   503.027252       8.95868614E-02
   504.012939       8.96394327E-02
   505.088776       8.95946771E-02
   506.073517       8.94716308E-02
   507.057312       8.93937424E-02
   508.039062       8.91467556E-02
   509.019104       8.90718549E-02
   510.087128       8.89016539E-02
   511.064484       8.88388529E-02
   512.042053       8.89067054E-02
   513.019775       8.88374671E-02
   514.085144       8.87374356E-02
   515.060852       8.86816755E-02
   516.036377       8.86582211E-02
   517.011353       8.86223614E-02
   518.073975       8.84921625E-02
   519.046997       8.84567723E-02
   520.020203       8.84946287E-02
   521.082214       8.85268375E-02
   522.056274       8.85537043E-02
   523.030457       8.85822326E-02
   524.004639       8.85787532E-02
   525.067383       8.85499790E-02
   526.041138       8.84966478E-02
   527.014282       8.84571970E-02
   528.075562       8.84246379E-02
   529.048157       8.84179920E-02
   530.021179       8.84903818E-02
   531.083191       8.84985179E-02
   532.056030       8.83780345E-02
   533.027405       8.82505924E-02
   534.086121       8.82328376E-02
   535.057251       8.83335397E-02
   536.029663       8.84330869E-02
   537.002502       8.84230584E-02
   538.063171       8.83580595E-02
   539.034790       8.83200243E-02
   540.006287       8.83321911E-02
   541.066345       8.83615091E-02
   542.038757       8.84409472E-02
   543.012512       8.86022002E-02
   544.076904       8.87831077E-02
   545.054626       8.89692232E-02
   546.034180       8.91138241E-02
   547.015015       8.92044753E-02
   548.086121       8.93117562E-02
   549.069214       8.94394070E-02
   550.054260       8.96114260E-02
   551.039246       8.94863829E-02
   552.022766       8.93320590E-02
   553.004395       8.91718119E-02
   554.073547       8.90439302E-02
   555.052795       8.90275240E-02
   556.032410       8.90823230E-02
   557.012634       8.91298950E-02
   558.081360       8.90169889E-02
   559.060669       8.90504569E-02
   560.040222       8.90668556E-02
   561.020325       8.91543850E-02
   562.002319       8.93838480E-02
   563.076294       8.95425454E-02
   564.062073       8.96971524E-02
   565.049866       8.98540467E-02
   566.039062       9.00029391E-02
   567.030640       9.02753919E-02
   568.024719       9.03781801E-02
   569.018921       9.03385282E-02
   570.011719       9.01928544E-02
   571.003418       9.01572257E-02
   572.085449       9.01958123E-02
   573.078003       9.02852714E-02
   574.072144       9.04595330E-02
   575.068481       9.06738192E-02
   576.066711       9.07546133E-02
   577.065308       9.08191279E-02
   578.065125       9.09706205E-02
   579.066528       9.10019353E-02
   580.066101       9.07572508E-02
   581.063477       9.06286165E-02
   582.060730       9.07192603E-02
   583.059692       9.08904448E-02
   584.059998       9.09347385E-02
   585.059021       9.07396972E-02
   586.055969       9.05433595E-02
   587.051208       9.04300511E-02
   588.045288       9.03142393E-02
   589.037720       9.01649222E-02
   590.028931       9.00706127E-02
   591.019409       9.00016278E-02
   592.008423       8.98272470E-02
   593.085449       8.97414610E-02
   594.072937       8.98160636E-02
   595.061707       8.99427608E-02
   596.051697       9.00396854E-02
   597.043091       9.02129859E-02
   598.037048       9.05044004E-02
   599.032043       9.03388262E-02
